
blinkLED.elf:     file format elf32-avr

Sections:
Idx Name          Size      VMA       LMA       File off  Algn
  0 .text         000000f6  00000000  00000000  00000054  2**1
                  CONTENTS, ALLOC, LOAD, READONLY, CODE
  1 .debug_aranges 00000020  00000000  00000000  0000014a  2**0
                  CONTENTS, READONLY, DEBUGGING
  2 .debug_pubnames 0000001b  00000000  00000000  0000016a  2**0
                  CONTENTS, READONLY, DEBUGGING
  3 .debug_info   00000157  00000000  00000000  00000185  2**0
                  CONTENTS, READONLY, DEBUGGING
  4 .debug_abbrev 000000d9  00000000  00000000  000002dc  2**0
                  CONTENTS, READONLY, DEBUGGING
  5 .debug_line   00000151  00000000  00000000  000003b5  2**0
                  CONTENTS, READONLY, DEBUGGING
  6 .debug_frame  00000020  00000000  00000000  00000508  2**2
                  CONTENTS, READONLY, DEBUGGING
  7 .debug_str    000000c6  00000000  00000000  00000528  2**0
                  CONTENTS, READONLY, DEBUGGING
  8 .debug_loc    00000080  00000000  00000000  000005ee  2**0
                  CONTENTS, READONLY, DEBUGGING
  9 .debug_ranges 00000048  00000000  00000000  0000066e  2**0
                  CONTENTS, READONLY, DEBUGGING

Disassembly of section .text:

00000000 <__vectors>:
   0:	0c 94 56 00 	jmp	0xac	; 0xac <__ctors_end>
   4:	0c 94 60 00 	jmp	0xc0	; 0xc0 <__bad_interrupt>
   8:	0c 94 60 00 	jmp	0xc0	; 0xc0 <__bad_interrupt>
   c:	0c 94 60 00 	jmp	0xc0	; 0xc0 <__bad_interrupt>
  10:	0c 94 60 00 	jmp	0xc0	; 0xc0 <__bad_interrupt>
  14:	0c 94 60 00 	jmp	0xc0	; 0xc0 <__bad_interrupt>
  18:	0c 94 60 00 	jmp	0xc0	; 0xc0 <__bad_interrupt>
  1c:	0c 94 60 00 	jmp	0xc0	; 0xc0 <__bad_interrupt>
  20:	0c 94 60 00 	jmp	0xc0	; 0xc0 <__bad_interrupt>
  24:	0c 94 60 00 	jmp	0xc0	; 0xc0 <__bad_interrupt>
  28:	0c 94 60 00 	jmp	0xc0	; 0xc0 <__bad_interrupt>
  2c:	0c 94 60 00 	jmp	0xc0	; 0xc0 <__bad_interrupt>
  30:	0c 94 60 00 	jmp	0xc0	; 0xc0 <__bad_interrupt>
  34:	0c 94 60 00 	jmp	0xc0	; 0xc0 <__bad_interrupt>
  38:	0c 94 60 00 	jmp	0xc0	; 0xc0 <__bad_interrupt>
  3c:	0c 94 60 00 	jmp	0xc0	; 0xc0 <__bad_interrupt>
  40:	0c 94 60 00 	jmp	0xc0	; 0xc0 <__bad_interrupt>
  44:	0c 94 60 00 	jmp	0xc0	; 0xc0 <__bad_interrupt>
  48:	0c 94 60 00 	jmp	0xc0	; 0xc0 <__bad_interrupt>
  4c:	0c 94 60 00 	jmp	0xc0	; 0xc0 <__bad_interrupt>
  50:	0c 94 60 00 	jmp	0xc0	; 0xc0 <__bad_interrupt>
  54:	0c 94 60 00 	jmp	0xc0	; 0xc0 <__bad_interrupt>
  58:	0c 94 60 00 	jmp	0xc0	; 0xc0 <__bad_interrupt>
  5c:	0c 94 60 00 	jmp	0xc0	; 0xc0 <__bad_interrupt>
  60:	0c 94 60 00 	jmp	0xc0	; 0xc0 <__bad_interrupt>
  64:	0c 94 60 00 	jmp	0xc0	; 0xc0 <__bad_interrupt>
  68:	0c 94 60 00 	jmp	0xc0	; 0xc0 <__bad_interrupt>
  6c:	0c 94 60 00 	jmp	0xc0	; 0xc0 <__bad_interrupt>
  70:	0c 94 60 00 	jmp	0xc0	; 0xc0 <__bad_interrupt>
  74:	0c 94 60 00 	jmp	0xc0	; 0xc0 <__bad_interrupt>
  78:	0c 94 60 00 	jmp	0xc0	; 0xc0 <__bad_interrupt>
  7c:	0c 94 60 00 	jmp	0xc0	; 0xc0 <__bad_interrupt>
  80:	0c 94 60 00 	jmp	0xc0	; 0xc0 <__bad_interrupt>
  84:	0c 94 60 00 	jmp	0xc0	; 0xc0 <__bad_interrupt>
  88:	0c 94 60 00 	jmp	0xc0	; 0xc0 <__bad_interrupt>
  8c:	0c 94 60 00 	jmp	0xc0	; 0xc0 <__bad_interrupt>
  90:	0c 94 60 00 	jmp	0xc0	; 0xc0 <__bad_interrupt>
  94:	0c 94 60 00 	jmp	0xc0	; 0xc0 <__bad_interrupt>
  98:	0c 94 60 00 	jmp	0xc0	; 0xc0 <__bad_interrupt>
  9c:	0c 94 60 00 	jmp	0xc0	; 0xc0 <__bad_interrupt>
  a0:	0c 94 60 00 	jmp	0xc0	; 0xc0 <__bad_interrupt>
  a4:	0c 94 60 00 	jmp	0xc0	; 0xc0 <__bad_interrupt>
  a8:	0c 94 60 00 	jmp	0xc0	; 0xc0 <__bad_interrupt>

000000ac <__ctors_end>:
  ac:	11 24       	eor	r1, r1
  ae:	1f be       	out	0x3f, r1	; 63
  b0:	cf ef       	ldi	r28, 0xFF	; 255
  b2:	da e0       	ldi	r29, 0x0A	; 10
  b4:	de bf       	out	0x3e, r29	; 62
  b6:	cd bf       	out	0x3d, r28	; 61
  b8:	0e 94 62 00 	call	0xc4	; 0xc4 <main>
  bc:	0c 94 79 00 	jmp	0xf2	; 0xf2 <_exit>

000000c0 <__bad_interrupt>:
  c0:	0c 94 00 00 	jmp	0	; 0x0 <__vectors>

000000c4 <main>:


int main(void) {

  // -------- Inits --------- //
  DDRB |= 0b11111111;            /* Data Direction Register B:
  c4:	84 b1       	in	r24, 0x04	; 4
  c6:	8f ef       	ldi	r24, 0xFF	; 255
  c8:	84 b9       	out	0x04, r24	; 4
                                   enables output. */

  // ------ Event loop ------ //
  while (1) {

    PORTB = 0b11111111;          /* Turn on first LED bit/pin in PORTB */
  ca:	4f ef       	ldi	r20, 0xFF	; 255
    milliseconds can be achieved.
 */
void
_delay_loop_2(uint16_t __count)
{
	__asm__ volatile (
  cc:	29 e1       	ldi	r18, 0x19	; 25
  ce:	30 e0       	ldi	r19, 0x00	; 0
  d0:	45 b9       	out	0x05, r20	; 5
  d2:	80 e1       	ldi	r24, 0x10	; 16
  d4:	97 e2       	ldi	r25, 0x27	; 39
  d6:	f9 01       	movw	r30, r18
  d8:	31 97       	sbiw	r30, 0x01	; 1
  da:	f1 f7       	brne	.-4      	; 0xd8 <main+0x14>
		__ticks = (uint16_t) (__ms * 10.0);
		while(__ticks)
		{
			// wait 1/10 ms
			_delay_loop_2(((F_CPU) / 4e3) / 10);
			__ticks --;
  dc:	01 97       	sbiw	r24, 0x01	; 1
		__ticks = 1;
	else if (__tmp > 65535)
	{
		//	__ticks = requested delay in 1/10 ms
		__ticks = (uint16_t) (__ms * 10.0);
		while(__ticks)
  de:	d9 f7       	brne	.-10     	; 0xd6 <main+0x12>
    _delay_ms(1000);                                           /* wait */

    PORTB = 0b00000000;          /* Turn off all B pins, including LED */
  e0:	15 b8       	out	0x05, r1	; 5
  e2:	80 e1       	ldi	r24, 0x10	; 16
  e4:	97 e2       	ldi	r25, 0x27	; 39
  e6:	f9 01       	movw	r30, r18
  e8:	31 97       	sbiw	r30, 0x01	; 1
  ea:	f1 f7       	brne	.-4      	; 0xe8 <main+0x24>
		{
			// wait 1/10 ms
			_delay_loop_2(((F_CPU) / 4e3) / 10);
			__ticks --;
  ec:	01 97       	sbiw	r24, 0x01	; 1
		__ticks = 1;
	else if (__tmp > 65535)
	{
		//	__ticks = requested delay in 1/10 ms
		__ticks = (uint16_t) (__ms * 10.0);
		while(__ticks)
  ee:	d9 f7       	brne	.-10     	; 0xe6 <main+0x22>
  f0:	ef cf       	rjmp	.-34     	; 0xd0 <main+0xc>

000000f2 <_exit>:
  f2:	f8 94       	cli

000000f4 <__stop_program>:
  f4:	ff cf       	rjmp	.-2      	; 0xf4 <__stop_program>
